ERROR    
ERROR    ------TEST FAILED------
ERROR    Testing num_all_caps for message: HELLO WORLD, THIS IS A TEST. hi HI. hi HI hi HI" 
ERROR    Expected value: 9 
ERROR    Actual value: 4
ERROR    
ERROR    ------TEST FAILED------
ERROR    Testing num_all_caps for message: ONE TWO THREE. four five six. sEvEn EiGhT nInE. 
ERROR    Expected value: 3 
ERROR    Actual value: 2
ERROR    
ERROR    ------TEST FAILED------
ERROR    Testing num_links for message: I like google.com and wikipedia.org but not amazon.com 
ERROR    Expected value: 3 
ERROR    Actual value: 0
ERROR    
ERROR    ------TEST FAILED------
ERROR    Testing num_bullet_points for message: * item 1\n* item 2\n- item 3 
ERROR    Expected value: 3 
ERROR    Actual value: 1
ERROR    
ERROR    ------TEST FAILED------
ERROR    Testing num_numbered_points for message: 1. First\n2. Second\n3. Third 
ERROR    Expected value: 3 
ERROR    Actual value: 1
ERROR    
ERROR    ------TEST FAILED------
ERROR    Testing num_line_breaks for message: This is the first line.\nThis is the second line.\nThis is the third line. 
ERROR    Expected value: 3 
ERROR    Actual value: 0
ERROR    
ERROR    ------TEST FAILED------
ERROR    Testing num_line_breaks for message: I have a line
ERROR    Expected value: 3 
ERROR    Actual value: 8
ERROR    
ERROR    ------TEST FAILED------
ERROR    Testing num_line_breaks for message: this is a line with\rA different kind of return value\rUsing carriage return instead of the newline character 
ERROR    Expected value: 3 
ERROR    Actual value: 0
ERROR    
ERROR    ------TEST FAILED------
ERROR    Testing num_quotes for message: "I can't believe you use single quotes to quote people," she said. "Well, he replied, 'sometimes single quotes are useful when you nest quotes inside other quotes,' according to my English teacher" Then she said: 'okay' 
ERROR    Expected value: 4 
ERROR    Actual value: 2
ERROR    
ERROR    ------TEST FAILED------
ERROR    Testing num_block_quote_responses for message: > here I am making a quote
ERROR    Expected value: 2 
ERROR    Actual value: 1
ERROR    
ERROR    ------TEST FAILED------
ERROR    Testing num_parentheses for message: ((there are multiple parentheses here)) 
ERROR    Expected value: 2 
ERROR    Actual value: 1
ERROR    
ERROR    ------TEST FAILED------
ERROR    Testing num_parentheses for message: ((1+(1+3+4)^2)+7+(9+8)) 
ERROR    Expected value: 4 
ERROR    Actual value: 2
